<?xml version="1.0" encoding="UTF-8"?>
<!-- Generated by org.testng.reporters.JUnitReportReporter -->
<testsuite hostname="LAPTOP-I3ABMITL" name="com.may.testCases.TCLogin002" tests="1" failures="0" timestamp="12 May 2021 12:46:52 GMT" time="2.407" errors="0">
  <testcase name="custDetails" time="2.407" classname="com.may.testCases.TCLogin002"/>
</testsuite> <!-- com.may.testCases.TCLogin002 -->
