<?xml version="1.0" encoding="UTF-8"?>
<!-- Generated by org.testng.reporters.JUnitReportReporter -->
<testsuite hostname="LAPTOP-I3ABMITL" name="com.may.testCases.TCLogin001" tests="1" failures="0" timestamp="12 May 2021 09:18:55 GMT" time="1.313" errors="0">
  <testcase name="login" time="1.313" classname="com.may.testCases.TCLogin001"/>
</testsuite> <!-- com.may.testCases.TCLogin001 -->
